<?xml version="1.0" encoding="UTF-8"?>
<!-- Generated by org.testng.reporters.JUnitReportReporter -->
<testsuite hostname="LTIN189640" failures="0" tests="2" name="TestCases.TC_03FillingForm" time="4.916" errors="0" timestamp="2024-02-28T16:29:41 IST" skipped="0">
  <testcase classname="TestCases.TC_03FillingForm" name="form" time="4.576"/>
  <system-out/>
  <testcase classname="TestCases.TC_03FillingForm" name="error_msg" time="0.340"/>
  <system-out/>
</testsuite> <!-- TestCases.TC_03FillingForm -->
